<?xml version="1.0" encoding="UTF-8"?>
<testng-results ignored="0" total="1" passed="1" failed="0" skipped="0">
  <reporter-output>
  </reporter-output>
  <suite started-at="2018-04-09T23:57:30Z" name="Sample Suite" finished-at="2018-04-09T23:57:38Z" duration-ms="8505">
    <groups>
    </groups>
    <test started-at="2018-04-09T23:57:30Z" name="Learning Jenkins" finished-at="2018-04-09T23:57:38Z" duration-ms="8505">
      <class name="AutomationTestFramework.SeleniumTestCase">
        <test-method signature="testgooglrsearch()[pri:0, instance:AutomationTestFramework.SeleniumTestCase@682b2fa]" started-at="2018-04-09T23:57:30Z" name="testgooglrsearch" finished-at="2018-04-09T23:57:38Z" duration-ms="8463" status="PASS">
          <reporter-output>
          </reporter-output>
        </test-method> <!-- testgooglrsearch -->
      </class> <!-- AutomationTestFramework.SeleniumTestCase -->
    </test> <!-- Learning Jenkins -->
  </suite> <!-- Sample Suite -->
</testng-results>
